{"/Users/mikev/Uber/github/uber-uberpay-us/src/merchant/controllers/merchantController.js": {"path":"/Users/mikev/Uber/github/uber-uberpay-us/src/merchant/controllers/merchantController.js","statementMap":{"0":{"start":{"line":1,"column":16},"end":{"line":1,"column":34}},"1":{"start":{"line":2,"column":15},"end":{"line":2,"column":32}},"2":{"start":{"line":3,"column":14},"end":{"line":3,"column":46}},"3":{"start":{"line":11,"column":4},"end":{"line":11,"column":33}},"4":{"start":{"line":12,"column":4},"end":{"line":12,"column":35}},"5":{"start":{"line":13,"column":4},"end":{"line":13,"column":45}},"6":{"start":{"line":20,"column":22},"end":{"line":20,"column":51}},"7":{"start":{"line":23,"column":4},"end":{"line":27,"column":5}},"8":{"start":{"line":24,"column":6},"end":{"line":26,"column":9}},"9":{"start":{"line":29,"column":4},"end":{"line":33,"column":5}},"10":{"start":{"line":30,"column":6},"end":{"line":32,"column":9}},"11":{"start":{"line":35,"column":4},"end":{"line":39,"column":5}},"12":{"start":{"line":36,"column":6},"end":{"line":38,"column":9}},"13":{"start":{"line":41,"column":4},"end":{"line":45,"column":5}},"14":{"start":{"line":42,"column":6},"end":{"line":44,"column":9}},"15":{"start":{"line":47,"column":4},"end":{"line":51,"column":5}},"16":{"start":{"line":48,"column":6},"end":{"line":50,"column":9}},"17":{"start":{"line":54,"column":4},"end":{"line":56,"column":5}},"18":{"start":{"line":55,"column":6},"end":{"line":55,"column":36}},"19":{"start":{"line":58,"column":4},"end":{"line":83,"column":5}},"20":{"start":{"line":60,"column":6},"end":{"line":60,"column":75}},"21":{"start":{"line":62,"column":6},"end":{"line":62,"column":27}},"22":{"start":{"line":63,"column":6},"end":{"line":63,"column":72}},"23":{"start":{"line":64,"column":6},"end":{"line":64,"column":66}},"24":{"start":{"line":67,"column":6},"end":{"line":67,"column":33}},"25":{"start":{"line":68,"column":6},"end":{"line":68,"column":35}},"26":{"start":{"line":70,"column":16},"end":{"line":70,"column":66}},"27":{"start":{"line":71,"column":6},"end":{"line":73,"column":7}},"28":{"start":{"line":72,"column":8},"end":{"line":72,"column":56}},"29":{"start":{"line":75,"column":6},"end":{"line":79,"column":9}},"30":{"start":{"line":81,"column":6},"end":{"line":81,"column":22}},"31":{"start":{"line":82,"column":6},"end":{"line":82,"column":39}},"32":{"start":{"line":85,"column":17},"end":{"line":87,"column":33}},"33":{"start":{"line":88,"column":4},"end":{"line":90,"column":14}},"34":{"start":{"line":94,"column":4},"end":{"line":94,"column":16}},"35":{"start":{"line":98,"column":4},"end":{"line":99,"column":68}},"36":{"start":{"line":99,"column":35},"end":{"line":99,"column":66}},"37":{"start":{"line":103,"column":0},"end":{"line":103,"column":36}}},"fnMap":{"0":{"name":"(anonymous_0)","decl":{"start":{"line":10,"column":2},"end":{"line":10,"column":3}},"loc":{"start":{"line":10,"column":57},"end":{"line":14,"column":3}},"line":10},"1":{"name":"(anonymous_1)","decl":{"start":{"line":18,"column":2},"end":{"line":18,"column":3}},"loc":{"start":{"line":18,"column":35},"end":{"line":91,"column":3}},"line":18},"2":{"name":"(anonymous_2)","decl":{"start":{"line":93,"column":2},"end":{"line":93,"column":3}},"loc":{"start":{"line":93,"column":28},"end":{"line":95,"column":3}},"line":93},"3":{"name":"(anonymous_3)","decl":{"start":{"line":97,"column":2},"end":{"line":97,"column":3}},"loc":{"start":{"line":97,"column":14},"end":{"line":100,"column":3}},"line":97},"4":{"name":"(anonymous_4)","decl":{"start":{"line":99,"column":21},"end":{"line":99,"column":22}},"loc":{"start":{"line":99,"column":35},"end":{"line":99,"column":66}},"line":99}},"branchMap":{"0":{"loc":{"start":{"line":23,"column":4},"end":{"line":27,"column":5}},"type":"if","locations":[{"start":{"line":23,"column":4},"end":{"line":27,"column":5}},{"start":{"line":23,"column":4},"end":{"line":27,"column":5}}],"line":23},"1":{"loc":{"start":{"line":29,"column":4},"end":{"line":33,"column":5}},"type":"if","locations":[{"start":{"line":29,"column":4},"end":{"line":33,"column":5}},{"start":{"line":29,"column":4},"end":{"line":33,"column":5}}],"line":29},"2":{"loc":{"start":{"line":35,"column":4},"end":{"line":39,"column":5}},"type":"if","locations":[{"start":{"line":35,"column":4},"end":{"line":39,"column":5}},{"start":{"line":35,"column":4},"end":{"line":39,"column":5}}],"line":35},"3":{"loc":{"start":{"line":41,"column":4},"end":{"line":45,"column":5}},"type":"if","locations":[{"start":{"line":41,"column":4},"end":{"line":45,"column":5}},{"start":{"line":41,"column":4},"end":{"line":45,"column":5}}],"line":41},"4":{"loc":{"start":{"line":47,"column":4},"end":{"line":51,"column":5}},"type":"if","locations":[{"start":{"line":47,"column":4},"end":{"line":51,"column":5}},{"start":{"line":47,"column":4},"end":{"line":51,"column":5}}],"line":47},"5":{"loc":{"start":{"line":54,"column":4},"end":{"line":56,"column":5}},"type":"if","locations":[{"start":{"line":54,"column":4},"end":{"line":56,"column":5}},{"start":{"line":54,"column":4},"end":{"line":56,"column":5}}],"line":54},"6":{"loc":{"start":{"line":71,"column":6},"end":{"line":73,"column":7}},"type":"if","locations":[{"start":{"line":71,"column":6},"end":{"line":73,"column":7}},{"start":{"line":71,"column":6},"end":{"line":73,"column":7}}],"line":71},"7":{"loc":{"start":{"line":85,"column":17},"end":{"line":87,"column":33}},"type":"cond-expr","locations":[{"start":{"line":86,"column":8},"end":{"line":86,"column":75}},{"start":{"line":87,"column":8},"end":{"line":87,"column":33}}],"line":85}},"s":{"0":1,"1":1,"2":1,"3":1,"4":1,"5":1,"6":1,"7":1,"8":0,"9":1,"10":0,"11":1,"12":0,"13":1,"14":0,"15":1,"16":0,"17":1,"18":0,"19":1,"20":1,"21":1,"22":1,"23":1,"24":1,"25":1,"26":1,"27":1,"28":0,"29":1,"30":0,"31":0,"32":1,"33":1,"34":1,"35":0,"36":0,"37":1},"f":{"0":1,"1":1,"2":1,"3":0,"4":0},"b":{"0":[0,1],"1":[0,1],"2":[0,1],"3":[0,1],"4":[0,1],"5":[0,1],"6":[0,1],"7":[0,1]},"_coverageSchema":"43e27e138ebf9cfc5966b082cf9a028302ed4184","hash":"77cb2ce0ead447653d35f380aff6c83d31685460"}
,"/Users/mikev/Uber/github/uber-uberpay-us/src/merchant/middleware/loggingMiddleware.js": {"path":"/Users/mikev/Uber/github/uber-uberpay-us/src/merchant/middleware/loggingMiddleware.js","statementMap":{"0":{"start":{"line":4,"column":4},"end":{"line":4,"column":25}},"1":{"start":{"line":8,"column":4},"end":{"line":8,"column":61}},"2":{"start":{"line":9,"column":4},"end":{"line":9,"column":17}},"3":{"start":{"line":10,"column":4},"end":{"line":10,"column":52}},"4":{"start":{"line":14,"column":0},"end":{"line":14,"column":35}}},"fnMap":{"0":{"name":"(anonymous_0)","decl":{"start":{"line":3,"column":2},"end":{"line":3,"column":3}},"loc":{"start":{"line":3,"column":22},"end":{"line":5,"column":3}},"line":3},"1":{"name":"(anonymous_1)","decl":{"start":{"line":7,"column":2},"end":{"line":7,"column":3}},"loc":{"start":{"line":7,"column":30},"end":{"line":11,"column":3}},"line":7}},"branchMap":{},"s":{"0":1,"1":1,"2":1,"3":1,"4":1},"f":{"0":1,"1":1},"b":{},"_coverageSchema":"43e27e138ebf9cfc5966b082cf9a028302ed4184","hash":"5e6ae571fee669d6b3fa794feb3c83fd1204f81f"}
,"/Users/mikev/Uber/github/uber-uberpay-us/src/merchant/middleware/requestCache.js": {"path":"/Users/mikev/Uber/github/uber-uberpay-us/src/merchant/middleware/requestCache.js","statementMap":{"0":{"start":{"line":3,"column":4},"end":{"line":3,"column":22}},"1":{"start":{"line":7,"column":4},"end":{"line":7,"column":28}},"2":{"start":{"line":11,"column":4},"end":{"line":11,"column":27}},"3":{"start":{"line":15,"column":17},"end":{"line":15,"column":34}},"4":{"start":{"line":17,"column":0},"end":{"line":20,"column":2}},"5":{"start":{"line":18,"column":2},"end":{"line":18,"column":23}},"6":{"start":{"line":19,"column":2},"end":{"line":19,"column":15}}},"fnMap":{"0":{"name":"(anonymous_0)","decl":{"start":{"line":2,"column":2},"end":{"line":2,"column":3}},"loc":{"start":{"line":2,"column":16},"end":{"line":4,"column":3}},"line":2},"1":{"name":"(anonymous_1)","decl":{"start":{"line":6,"column":2},"end":{"line":6,"column":3}},"loc":{"start":{"line":6,"column":10},"end":{"line":8,"column":3}},"line":6},"2":{"name":"(anonymous_2)","decl":{"start":{"line":10,"column":2},"end":{"line":10,"column":3}},"loc":{"start":{"line":10,"column":15},"end":{"line":12,"column":3}},"line":10},"3":{"name":"(anonymous_3)","decl":{"start":{"line":17,"column":17},"end":{"line":17,"column":18}},"loc":{"start":{"line":17,"column":43},"end":{"line":20,"column":1}},"line":17}},"branchMap":{},"s":{"0":1,"1":0,"2":0,"3":1,"4":1,"5":1,"6":1},"f":{"0":1,"1":0,"2":0,"3":1},"b":{},"_coverageSchema":"43e27e138ebf9cfc5966b082cf9a028302ed4184","hash":"112b83d8ca2f3f12cb65548300183f126efe81dc"}
,"/Users/mikev/Uber/github/uber-uberpay-us/src/merchant/services/simpleIdGenerator.js": {"path":"/Users/mikev/Uber/github/uber-uberpay-us/src/merchant/services/simpleIdGenerator.js","statementMap":{"0":{"start":{"line":1,"column":15},"end":{"line":1,"column":32}},"1":{"start":{"line":5,"column":4},"end":{"line":5,"column":29}},"2":{"start":{"line":9,"column":4},"end":{"line":10,"column":23}},"3":{"start":{"line":14,"column":0},"end":{"line":14,"column":35}}},"fnMap":{"0":{"name":"(anonymous_0)","decl":{"start":{"line":4,"column":2},"end":{"line":4,"column":3}},"loc":{"start":{"line":4,"column":29},"end":{"line":6,"column":3}},"line":4},"1":{"name":"(anonymous_1)","decl":{"start":{"line":8,"column":2},"end":{"line":8,"column":3}},"loc":{"start":{"line":8,"column":15},"end":{"line":11,"column":3}},"line":8}},"branchMap":{"0":{"loc":{"start":{"line":4,"column":14},"end":{"line":4,"column":27}},"type":"default-arg","locations":[{"start":{"line":4,"column":25},"end":{"line":4,"column":27}}],"line":4}},"s":{"0":1,"1":1,"2":1,"3":1},"f":{"0":1,"1":1},"b":{"0":[0]},"_coverageSchema":"43e27e138ebf9cfc5966b082cf9a028302ed4184","hash":"a0a0763d5c52f7d109b374584911177fea2e1c9d"}
,"/Users/mikev/Uber/github/uber-uberpay-us/src/merchant/utils/expressUtils.js": {"path":"/Users/mikev/Uber/github/uber-uberpay-us/src/merchant/utils/expressUtils.js","statementMap":{"0":{"start":{"line":2,"column":2},"end":{"line":2,"column":41}},"1":{"start":{"line":3,"column":2},"end":{"line":3,"column":41}},"2":{"start":{"line":4,"column":2},"end":{"line":4,"column":45}},"3":{"start":{"line":7,"column":0},"end":{"line":9,"column":2}}},"fnMap":{"0":{"name":"badRequest","decl":{"start":{"line":1,"column":9},"end":{"line":1,"column":19}},"loc":{"start":{"line":1,"column":43},"end":{"line":5,"column":1}},"line":1}},"branchMap":{"0":{"loc":{"start":{"line":4,"column":20},"end":{"line":4,"column":36}},"type":"binary-expr","locations":[{"start":{"line":4,"column":20},"end":{"line":4,"column":29}},{"start":{"line":4,"column":33},"end":{"line":4,"column":36}}],"line":4}},"s":{"0":1,"1":1,"2":1,"3":2},"f":{"0":1},"b":{"0":[1,0]},"_coverageSchema":"43e27e138ebf9cfc5966b082cf9a028302ed4184","hash":"fe264bb21d574373f7064ddb3ba40d73ffffdd1f"}
,"/Users/mikev/Uber/github/uber-uberpay-us/src/shared/utils/signature.js": {"path":"/Users/mikev/Uber/github/uber-uberpay-us/src/shared/utils/signature.js","statementMap":{"0":{"start":{"line":1,"column":15},"end":{"line":1,"column":32}},"1":{"start":{"line":3,"column":16},"end":{"line":3,"column":20}},"2":{"start":{"line":8,"column":17},"end":{"line":8,"column":34}},"3":{"start":{"line":9,"column":17},"end":{"line":11,"column":13}},"4":{"start":{"line":13,"column":2},"end":{"line":13,"column":48}},"5":{"start":{"line":19,"column":4},"end":{"line":19,"column":48}},"6":{"start":{"line":23,"column":2},"end":{"line":26,"column":3}},"7":{"start":{"line":25,"column":4},"end":{"line":25,"column":115}},"8":{"start":{"line":29,"column":18},"end":{"line":29,"column":20}},"9":{"start":{"line":30,"column":2},"end":{"line":30,"column":36}},"10":{"start":{"line":31,"column":2},"end":{"line":31,"column":41}},"11":{"start":{"line":32,"column":2},"end":{"line":32,"column":62}},"12":{"start":{"line":35,"column":16},"end":{"line":35,"column":18}},"13":{"start":{"line":36,"column":2},"end":{"line":36,"column":66}},"14":{"start":{"line":37,"column":2},"end":{"line":37,"column":44}},"15":{"start":{"line":38,"column":2},"end":{"line":38,"column":58}},"16":{"start":{"line":39,"column":2},"end":{"line":39,"column":38}},"17":{"start":{"line":42,"column":24},"end":{"line":50,"column":6}},"18":{"start":{"line":53,"column":22},"end":{"line":53,"column":54}},"19":{"start":{"line":56,"column":2},"end":{"line":56,"column":44}},"20":{"start":{"line":58,"column":2},"end":{"line":58,"column":19}},"21":{"start":{"line":64,"column":15},"end":{"line":64,"column":17}},"22":{"start":{"line":66,"column":16},"end":{"line":66,"column":33}},"23":{"start":{"line":67,"column":2},"end":{"line":83,"column":3}},"24":{"start":{"line":67,"column":17},"end":{"line":67,"column":18}},"25":{"start":{"line":68,"column":12},"end":{"line":68,"column":13}},"26":{"start":{"line":69,"column":18},"end":{"line":69,"column":20}},"27":{"start":{"line":70,"column":4},"end":{"line":73,"column":36}},"28":{"start":{"line":71,"column":6},"end":{"line":71,"column":31}},"29":{"start":{"line":72,"column":6},"end":{"line":72,"column":10}},"30":{"start":{"line":74,"column":4},"end":{"line":74,"column":11}},"31":{"start":{"line":75,"column":19},"end":{"line":75,"column":21}},"32":{"start":{"line":76,"column":4},"end":{"line":79,"column":36}},"33":{"start":{"line":77,"column":6},"end":{"line":77,"column":32}},"34":{"start":{"line":78,"column":6},"end":{"line":78,"column":10}},"35":{"start":{"line":82,"column":4},"end":{"line":82,"column":29}},"36":{"start":{"line":84,"column":2},"end":{"line":84,"column":14}},"37":{"start":{"line":96,"column":26},"end":{"line":96,"column":62}},"38":{"start":{"line":98,"column":16},"end":{"line":98,"column":18}},"39":{"start":{"line":99,"column":2},"end":{"line":99,"column":65}},"40":{"start":{"line":100,"column":2},"end":{"line":100,"column":44}},"41":{"start":{"line":101,"column":2},"end":{"line":101,"column":44}},"42":{"start":{"line":102,"column":2},"end":{"line":102,"column":38}},"43":{"start":{"line":104,"column":25},"end":{"line":104,"column":73}},"44":{"start":{"line":106,"column":2},"end":{"line":111,"column":23}},"45":{"start":{"line":114,"column":0},"end":{"line":119,"column":2}}},"fnMap":{"0":{"name":"createDigest","decl":{"start":{"line":7,"column":9},"end":{"line":7,"column":21}},"loc":{"start":{"line":7,"column":28},"end":{"line":14,"column":1}},"line":7},"1":{"name":"validateDigest","decl":{"start":{"line":17,"column":9},"end":{"line":17,"column":23}},"loc":{"start":{"line":17,"column":45},"end":{"line":20,"column":1}},"line":17},"2":{"name":"createSignature","decl":{"start":{"line":22,"column":9},"end":{"line":22,"column":24}},"loc":{"start":{"line":22,"column":57},"end":{"line":59,"column":1}},"line":22},"3":{"name":"parseSignatureHeader","decl":{"start":{"line":63,"column":9},"end":{"line":63,"column":29}},"loc":{"start":{"line":63,"column":38},"end":{"line":85,"column":1}},"line":63},"4":{"name":"validateSignature","decl":{"start":{"line":95,"column":9},"end":{"line":95,"column":26}},"loc":{"start":{"line":95,"column":84},"end":{"line":112,"column":3}},"line":95}},"branchMap":{"0":{"loc":{"start":{"line":23,"column":2},"end":{"line":26,"column":3}},"type":"if","locations":[{"start":{"line":23,"column":2},"end":{"line":26,"column":3}},{"start":{"line":23,"column":2},"end":{"line":26,"column":3}}],"line":23},"1":{"loc":{"start":{"line":23,"column":6},"end":{"line":24,"column":30}},"type":"binary-expr","locations":[{"start":{"line":23,"column":6},"end":{"line":23,"column":25}},{"start":{"line":24,"column":7},"end":{"line":24,"column":30}}],"line":23}},"s":{"0":1,"1":1,"2":1,"3":1,"4":1,"5":0,"6":1,"7":0,"8":1,"9":1,"10":1,"11":1,"12":1,"13":1,"14":1,"15":1,"16":1,"17":1,"18":1,"19":1,"20":1,"21":0,"22":0,"23":0,"24":0,"25":0,"26":0,"27":0,"28":0,"29":0,"30":0,"31":0,"32":0,"33":0,"34":0,"35":0,"36":0,"37":0,"38":0,"39":0,"40":0,"41":0,"42":0,"43":0,"44":0,"45":1},"f":{"0":1,"1":0,"2":1,"3":0,"4":0},"b":{"0":[0,1],"1":[1,1]},"_coverageSchema":"43e27e138ebf9cfc5966b082cf9a028302ed4184","hash":"6d292e063ba13a4bdb95ea6530dba33953ecf3b4"}
}
