TN:
SF:/Users/mikev/Uber/github/uber-uberpay-us/src/merchant/controllers/merchantController.js
FN:10,(anonymous_0)
FN:18,(anonymous_1)
FN:93,(anonymous_2)
FN:97,(anonymous_3)
FN:99,(anonymous_4)
FNF:5
FNH:3
FNDA:1,(anonymous_0)
FNDA:1,(anonymous_1)
FNDA:1,(anonymous_2)
FNDA:0,(anonymous_3)
FNDA:0,(anonymous_4)
DA:1,1
DA:2,1
DA:3,1
DA:11,1
DA:12,1
DA:13,1
DA:20,1
DA:23,1
DA:24,0
DA:29,1
DA:30,0
DA:35,1
DA:36,0
DA:41,1
DA:42,0
DA:47,1
DA:48,0
DA:54,1
DA:55,0
DA:58,1
DA:60,1
DA:62,1
DA:63,1
DA:64,1
DA:67,1
DA:68,1
DA:70,1
DA:71,1
DA:72,0
DA:75,1
DA:81,0
DA:82,0
DA:85,1
DA:88,1
DA:94,1
DA:98,0
DA:99,0
DA:103,1
LF:38
LH:27
BRDA:23,0,0,0
BRDA:23,0,1,1
BRDA:29,1,0,0
BRDA:29,1,1,1
BRDA:35,2,0,0
BRDA:35,2,1,1
BRDA:41,3,0,0
BRDA:41,3,1,1
BRDA:47,4,0,0
BRDA:47,4,1,1
BRDA:54,5,0,0
BRDA:54,5,1,1
BRDA:71,6,0,0
BRDA:71,6,1,1
BRDA:85,7,0,0
BRDA:85,7,1,1
BRF:16
BRH:8
end_of_record
TN:
SF:/Users/mikev/Uber/github/uber-uberpay-us/src/merchant/middleware/loggingMiddleware.js
FN:3,(anonymous_0)
FN:7,(anonymous_1)
FNF:2
FNH:2
FNDA:1,(anonymous_0)
FNDA:1,(anonymous_1)
DA:4,1
DA:8,1
DA:9,1
DA:10,1
DA:14,1
LF:5
LH:5
BRF:0
BRH:0
end_of_record
TN:
SF:/Users/mikev/Uber/github/uber-uberpay-us/src/merchant/middleware/requestCache.js
FN:2,(anonymous_0)
FN:6,(anonymous_1)
FN:10,(anonymous_2)
FN:17,(anonymous_3)
FNF:4
FNH:2
FNDA:1,(anonymous_0)
FNDA:0,(anonymous_1)
FNDA:0,(anonymous_2)
FNDA:1,(anonymous_3)
DA:3,1
DA:7,0
DA:11,0
DA:15,1
DA:17,1
DA:18,1
DA:19,1
LF:7
LH:5
BRF:0
BRH:0
end_of_record
TN:
SF:/Users/mikev/Uber/github/uber-uberpay-us/src/merchant/services/simpleIdGenerator.js
FN:4,(anonymous_0)
FN:8,(anonymous_1)
FNF:2
FNH:2
FNDA:1,(anonymous_0)
FNDA:1,(anonymous_1)
DA:1,1
DA:5,1
DA:9,1
DA:14,1
LF:4
LH:4
BRDA:4,0,0,0
BRF:1
BRH:0
end_of_record
TN:
SF:/Users/mikev/Uber/github/uber-uberpay-us/src/merchant/utils/expressUtils.js
FN:1,badRequest
FNF:1
FNH:1
FNDA:1,badRequest
DA:2,1
DA:3,1
DA:4,1
DA:7,2
LF:4
LH:4
BRDA:4,0,0,1
BRDA:4,0,1,0
BRF:2
BRH:1
end_of_record
TN:
SF:/Users/mikev/Uber/github/uber-uberpay-us/src/shared/utils/signature.js
FN:7,createDigest
FN:17,validateDigest
FN:22,createSignature
FN:63,parseSignatureHeader
FN:95,validateSignature
FNF:5
FNH:2
FNDA:1,createDigest
FNDA:0,validateDigest
FNDA:1,createSignature
FNDA:0,parseSignatureHeader
FNDA:0,validateSignature
DA:1,1
DA:3,1
DA:8,1
DA:9,1
DA:13,1
DA:19,0
DA:23,1
DA:25,0
DA:29,1
DA:30,1
DA:31,1
DA:32,1
DA:35,1
DA:36,1
DA:37,1
DA:38,1
DA:39,1
DA:42,1
DA:53,1
DA:56,1
DA:58,1
DA:64,0
DA:66,0
DA:67,0
DA:68,0
DA:69,0
DA:70,0
DA:71,0
DA:72,0
DA:74,0
DA:75,0
DA:76,0
DA:77,0
DA:78,0
DA:82,0
DA:84,0
DA:96,0
DA:98,0
DA:99,0
DA:100,0
DA:101,0
DA:102,0
DA:104,0
DA:106,0
DA:114,1
LF:45
LH:20
BRDA:23,0,0,0
BRDA:23,0,1,1
BRDA:23,1,0,1
BRDA:23,1,1,1
BRF:4
BRH:3
end_of_record
